[2021-06-24 12:54:54.592] [renderer1] [error] Unable to read file 'c:\Users\danie\OneDrive\Documentos\EAD_AULAS\5 sem\engenharia de software\ProjetoFinal\MeuMenu\scr\TelaLogin\index.js' (Error: Unable to resolve non-existing file 'c:\Users\danie\OneDrive\Documentos\EAD_AULAS\5 sem\engenharia de software\ProjetoFinal\MeuMenu\scr\TelaLogin\index.js'): Error: Unable to read file 'c:\Users\danie\OneDrive\Documentos\EAD_AULAS\5 sem\engenharia de software\ProjetoFinal\MeuMenu\scr\TelaLogin\index.js' (Error: Unable to resolve non-existing file 'c:\Users\danie\OneDrive\Documentos\EAD_AULAS\5 sem\engenharia de software\ProjetoFinal\MeuMenu\scr\TelaLogin\index.js')
    at a.doReadFileStream (file:///C:/Users/danie/AppData/Local/Programs/Microsoft VS Code/resources/app/out/vs/workbench/workbench.desktop.main.js:634:16522)
    at async l.doRead (file:///C:/Users/danie/AppData/Local/Programs/Microsoft VS Code/resources/app/out/vs/workbench/workbench.desktop.main.js:2524:40829)
    at async l.readStream (file:///C:/Users/danie/AppData/Local/Programs/Microsoft VS Code/resources/app/out/vs/workbench/workbench.desktop.main.js:2524:40482)
    at async Or.resolveFromFile (file:///C:/Users/danie/AppData/Local/Programs/Microsoft VS Code/resources/app/out/vs/workbench/workbench.desktop.main.js:2516:99418)
    at async c.resolve (file:///C:/Users/danie/AppData/Local/Programs/Microsoft VS Code/resources/app/out/vs/workbench/workbench.desktop.main.js:2524:36799)
    at async g.createModelReference (file:///C:/Users/danie/AppData/Local/Programs/Microsoft VS Code/resources/app/out/vs/workbench/workbench.desktop.main.js:2516:111507)
[2021-06-24 13:02:28.140] [renderer1] [warning] UNRESPONSIVE extension host, 'vscode.typescript-language-features' took 97% of 394.975ms, saved PROFILE here: 'file:///c%3A/Users/danie/AppData/Local/Temp/exthost-2a1608.cpuprofile' [{"id":"vscode.typescript-language-features","total":383723,"percentage":97}]
[2021-06-24 15:47:31.681] [renderer1] [error] ["Error: Failed to perform delete operation"]
[2021-06-24 15:47:31.710] [renderer1] [error] Unknown (FileSystemError): Error: Failed to move 'Home' to the recycle bin
    at Object.c [as createFileSystemProviderError] (file:///C:/Users/danie/AppData/Local/Programs/Microsoft VS Code/resources/app/out/vs/workbench/workbench.desktop.main.js:624:3726)
    at k.toFileSystemProviderError (file:///C:/Users/danie/AppData/Local/Programs/Microsoft VS Code/resources/app/out/vs/workbench/workbench.desktop.main.js:634:35962)
    at k.delete (file:///C:/Users/danie/AppData/Local/Programs/Microsoft VS Code/resources/app/out/vs/workbench/workbench.desktop.main.js:634:32276)
    at async a.del (file:///C:/Users/danie/AppData/Local/Programs/Microsoft VS Code/resources/app/out/vs/workbench/workbench.desktop.main.js:634:23211)
    at async n.delete (file:///C:/Users/danie/AppData/Local/Programs/Microsoft VS Code/resources/app/out/vs/workbench/workbench.desktop.main.js:2518:60206)
    at async c.perform (file:///C:/Users/danie/AppData/Local/Programs/Microsoft VS Code/resources/app/out/vs/workbench/workbench.desktop.main.js:2524:24982)
    at async o.apply (file:///C:/Users/danie/AppData/Local/Programs/Microsoft VS Code/resources/app/out/vs/workbench/workbench.desktop.main.js:2524:27101)
    at async c._performFileEdits (file:///C:/Users/danie/AppData/Local/Programs/Microsoft VS Code/resources/app/out/vs/workbench/workbench.desktop.main.js:2524:28935)
    at async c.perform (file:///C:/Users/danie/AppData/Local/Programs/Microsoft VS Code/resources/app/out/vs/workbench/workbench.desktop.main.js:2524:28478)
    at async r.apply (file:///C:/Users/danie/AppData/Local/Programs/Microsoft VS Code/resources/app/out/vs/workbench/workbench.desktop.main.js:2524:30956)
    at async file:///C:/Users/danie/AppData/Local/Programs/Microsoft VS Code/resources/app/out/vs/workbench/workbench.desktop.main.js:2403:17418
[2021-06-24 15:47:31.729] [renderer1] [error] Error: Failed to move 'Home' to the recycle bin: Unknown (FileSystemError): Error: Failed to move 'Home' to the recycle bin
    at Object.c [as createFileSystemProviderError] (file:///C:/Users/danie/AppData/Local/Programs/Microsoft VS Code/resources/app/out/vs/workbench/workbench.desktop.main.js:624:3726)
    at k.toFileSystemProviderError (file:///C:/Users/danie/AppData/Local/Programs/Microsoft VS Code/resources/app/out/vs/workbench/workbench.desktop.main.js:634:35962)
    at k.delete (file:///C:/Users/danie/AppData/Local/Programs/Microsoft VS Code/resources/app/out/vs/workbench/workbench.desktop.main.js:634:32276)
    at async a.del (file:///C:/Users/danie/AppData/Local/Programs/Microsoft VS Code/resources/app/out/vs/workbench/workbench.desktop.main.js:634:23211)
    at async n.delete (file:///C:/Users/danie/AppData/Local/Programs/Microsoft VS Code/resources/app/out/vs/workbench/workbench.desktop.main.js:2518:60206)
    at async c.perform (file:///C:/Users/danie/AppData/Local/Programs/Microsoft VS Code/resources/app/out/vs/workbench/workbench.desktop.main.js:2524:24982)
    at async o.apply (file:///C:/Users/danie/AppData/Local/Programs/Microsoft VS Code/resources/app/out/vs/workbench/workbench.desktop.main.js:2524:27101)
    at async c._performFileEdits (file:///C:/Users/danie/AppData/Local/Programs/Microsoft VS Code/resources/app/out/vs/workbench/workbench.desktop.main.js:2524:28935)
    at async c.perform (file:///C:/Users/danie/AppData/Local/Programs/Microsoft VS Code/resources/app/out/vs/workbench/workbench.desktop.main.js:2524:28478)
    at async r.apply (file:///C:/Users/danie/AppData/Local/Programs/Microsoft VS Code/resources/app/out/vs/workbench/workbench.desktop.main.js:2524:30956)
    at async file:///C:/Users/danie/AppData/Local/Programs/Microsoft VS Code/resources/app/out/vs/workbench/workbench.desktop.main.js:2403:17418
[2021-06-24 16:15:03.702] [renderer1] [error] Unable to read file 'c:\Users\danie\OneDrive\Documentos\EAD_AULAS\5 sem\engenharia de software\ProjetoFinal\MeuMenu\src\Tabs\TabContainer\Itens\index.js' (Error: Unable to resolve non-existing file 'c:\Users\danie\OneDrive\Documentos\EAD_AULAS\5 sem\engenharia de software\ProjetoFinal\MeuMenu\src\Tabs\TabContainer\Itens\index.js'): Error: Unable to read file 'c:\Users\danie\OneDrive\Documentos\EAD_AULAS\5 sem\engenharia de software\ProjetoFinal\MeuMenu\src\Tabs\TabContainer\Itens\index.js' (Error: Unable to resolve non-existing file 'c:\Users\danie\OneDrive\Documentos\EAD_AULAS\5 sem\engenharia de software\ProjetoFinal\MeuMenu\src\Tabs\TabContainer\Itens\index.js')
    at a.doReadFileStream (file:///C:/Users/danie/AppData/Local/Programs/Microsoft VS Code/resources/app/out/vs/workbench/workbench.desktop.main.js:634:16522)
    at async l.doRead (file:///C:/Users/danie/AppData/Local/Programs/Microsoft VS Code/resources/app/out/vs/workbench/workbench.desktop.main.js:2524:40829)
    at async l.readStream (file:///C:/Users/danie/AppData/Local/Programs/Microsoft VS Code/resources/app/out/vs/workbench/workbench.desktop.main.js:2524:40482)
    at async Or.resolveFromFile (file:///C:/Users/danie/AppData/Local/Programs/Microsoft VS Code/resources/app/out/vs/workbench/workbench.desktop.main.js:2516:99418)
    at async c.resolve (file:///C:/Users/danie/AppData/Local/Programs/Microsoft VS Code/resources/app/out/vs/workbench/workbench.desktop.main.js:2524:36799)
    at async g.createModelReference (file:///C:/Users/danie/AppData/Local/Programs/Microsoft VS Code/resources/app/out/vs/workbench/workbench.desktop.main.js:2516:111507)
